<?xml version="1.0" encoding="UTF-8"?>
<testng-results ignored="0" total="2" passed="2" failed="0" skipped="0">
  <reporter-output>
  </reporter-output>
  <suite started-at="2020-07-02T22:06:11Z" name="nopCommerce" finished-at="2020-07-02T22:06:44Z" duration-ms="32993">
    <groups>
    </groups>
    <test started-at="2020-07-02T22:06:11Z" name="Test1" finished-at="2020-07-02T22:06:44Z" duration-ms="32993">
      <class name="com.nopCommerce.testCases.TC_AddCustomerTest_003">
        <test-method is-config="true" signature="setup(java.lang.String)[pri:0, instance:com.nopCommerce.testCases.TC_AddCustomerTest_003@13acb0d1]" started-at="2020-07-02T17:06:26Z" name="setup" finished-at="2020-07-02T17:06:30Z" duration-ms="3293" status="PASS">
          <params>
            <param index="0">
              <value>
                <![CDATA[chrome]]>
              </value>
            </param>
          </params>
          <reporter-output>
          </reporter-output>
        </test-method> <!-- setup -->
        <test-method signature="addNewCustomer()[pri:0, instance:com.nopCommerce.testCases.TC_AddCustomerTest_003@13acb0d1]" started-at="2020-07-02T17:06:30Z" name="addNewCustomer" finished-at="2020-07-02T17:06:43Z" duration-ms="13589" status="PASS">
          <reporter-output>
          </reporter-output>
        </test-method> <!-- addNewCustomer -->
        <test-method is-config="true" signature="tearDown()[pri:0, instance:com.nopCommerce.testCases.TC_AddCustomerTest_003@13acb0d1]" started-at="2020-07-02T17:06:43Z" name="tearDown" finished-at="2020-07-02T17:06:44Z" duration-ms="837" status="PASS">
          <reporter-output>
          </reporter-output>
        </test-method> <!-- tearDown -->
      </class> <!-- com.nopCommerce.testCases.TC_AddCustomerTest_003 -->
      <class name="com.nopCommerce.testCases.TC_LoginTest_001">
        <test-method is-config="true" signature="setup(java.lang.String)[pri:0, instance:com.nopCommerce.testCases.TC_LoginTest_001@b62fe6d]" started-at="2020-07-02T17:06:11Z" name="setup" finished-at="2020-07-02T17:06:15Z" duration-ms="4152" status="PASS">
          <params>
            <param index="0">
              <value>
                <![CDATA[chrome]]>
              </value>
            </param>
          </params>
          <reporter-output>
          </reporter-output>
        </test-method> <!-- setup -->
        <test-method signature="loginTest()[pri:0, instance:com.nopCommerce.testCases.TC_LoginTest_001@b62fe6d]" started-at="2020-07-02T17:06:15Z" name="loginTest" finished-at="2020-07-02T17:06:26Z" duration-ms="10332" status="PASS">
          <reporter-output>
          </reporter-output>
        </test-method> <!-- loginTest -->
        <test-method is-config="true" signature="tearDown()[pri:0, instance:com.nopCommerce.testCases.TC_LoginTest_001@b62fe6d]" started-at="2020-07-02T17:06:26Z" name="tearDown" finished-at="2020-07-02T17:06:26Z" duration-ms="754" status="PASS">
          <reporter-output>
          </reporter-output>
        </test-method> <!-- tearDown -->
      </class> <!-- com.nopCommerce.testCases.TC_LoginTest_001 -->
    </test> <!-- Test1 -->
  </suite> <!-- nopCommerce -->
</testng-results>
